<?xml version="1.0" encoding="UTF-8"?>
<!-- Generated by org.testng.reporters.JUnitXMLReporter -->
<testsuite ignored="0" hostname="DESKTOP-FIK5SPH" failures="0" tests="4" name="Default test" time="0.095" errors="0" timestamp="2024-02-05T14:36:32 IST">
  <testcase classname="practiseTestNG.dependenciesOnGroup" name="userNameTC1" time="0.012"/>
  <testcase classname="practiseTestNG.dependenciesOnGroup" name="passwordTC2" time="0.002"/>
  <testcase classname="practiseTestNG.dependenciesOnGroup" name="homepageTC3" time="0.003"/>
  <testcase classname="practiseTestNG.dependenciesOnGroup" name="newfeedTC4" time="0.007"/>
</testsuite> <!-- Default test -->
