<?xml version="1.0" encoding="UTF-8"?>
<testng-results ignored="0" total="4" passed="4" failed="0" skipped="0">
  <reporter-output>
  </reporter-output>
  <suite started-at="2024-02-05T14:36:32 IST" name="Default suite" finished-at="2024-02-05T14:36:32 IST" duration-ms="95">
    <groups>
    </groups>
    <test started-at="2024-02-05T14:36:32 IST" name="Default test" finished-at="2024-02-05T14:36:32 IST" duration-ms="95">
      <class name="practiseTestNG.dependenciesOnGroup">
        <test-method signature="userNameTC1()[pri:1, instance:practiseTestNG.dependenciesOnGroup@659499f1]" started-at="2024-02-05T14:36:32 IST" name="userNameTC1" finished-at="2024-02-05T14:36:32 IST" duration-ms="12" status="PASS">
          <reporter-output>
          </reporter-output>
        </test-method> <!-- userNameTC1 -->
        <test-method signature="passwordTC2()[pri:2, instance:practiseTestNG.dependenciesOnGroup@659499f1]" started-at="2024-02-05T14:36:32 IST" name="passwordTC2" finished-at="2024-02-05T14:36:32 IST" duration-ms="2" status="PASS">
          <reporter-output>
          </reporter-output>
        </test-method> <!-- passwordTC2 -->
        <test-method signature="homepageTC3()[pri:0, instance:practiseTestNG.dependenciesOnGroup@659499f1]" started-at="2024-02-05T14:36:32 IST" name="homepageTC3" finished-at="2024-02-05T14:36:32 IST" depends-on-methods="practiseTestNG.dependenciesOnGroup.passwordTC2, practiseTestNG.dependenciesOnGroup.userNameTC1" duration-ms="3" status="PASS">
          <reporter-output>
          </reporter-output>
        </test-method> <!-- homepageTC3 -->
        <test-method signature="newfeedTC4()[pri:0, instance:practiseTestNG.dependenciesOnGroup@659499f1]" started-at="2024-02-05T14:36:32 IST" name="newfeedTC4" finished-at="2024-02-05T14:36:32 IST" depends-on-methods="practiseTestNG.dependenciesOnGroup.homepageTC3" duration-ms="7" status="PASS">
          <reporter-output>
          </reporter-output>
        </test-method> <!-- newfeedTC4 -->
      </class> <!-- practiseTestNG.dependenciesOnGroup -->
    </test> <!-- Default test -->
  </suite> <!-- Default suite -->
</testng-results>
